2024-11-19T21:30:55.903555+00:00 INFO 'ansible_navigator.setup_logger' New ansible-navigator instance, logging initialized
2024-11-19T21:30:55.903910+00:00 INFO 'ansible_navigator.setup_logger' New ansible-runner instance, logging initialized
2024-11-19T21:30:55.904015+00:00 DEBUG 'ansible_navigator.main' Jinja2==3.1.2 
2024-11-19T21:30:55.904074+00:00 DEBUG 'ansible_navigator.main' MarkupSafe==2.1.0 
2024-11-19T21:30:55.904116+00:00 DEBUG 'ansible_navigator.main' PySocks==1.7.1 
2024-11-19T21:30:55.904142+00:00 DEBUG 'ansible_navigator.main' PyYAML==5.4.1 
2024-11-19T21:30:55.904165+00:00 DEBUG 'ansible_navigator.main' aiohappyeyeballs==2.4.3 /usr/local/lib/python3.9/site-packages/aiohappyeyeballs/__init__.py
2024-11-19T21:30:55.904187+00:00 DEBUG 'ansible_navigator.main' aiohttp==3.11.6 /usr/local/lib64/python3.9/site-packages/aiohttp/__init__.py
2024-11-19T21:30:55.904209+00:00 DEBUG 'ansible_navigator.main' aiokafka==0.12.0 /usr/local/lib64/python3.9/site-packages/aiokafka/__init__.py
2024-11-19T21:30:55.904231+00:00 DEBUG 'ansible_navigator.main' aiosignal==1.3.1 /usr/local/lib/python3.9/site-packages/aiosignal/__init__.py
2024-11-19T21:30:55.904253+00:00 DEBUG 'ansible_navigator.main' ansible-builder==3.0.1 
2024-11-19T21:30:55.904274+00:00 DEBUG 'ansible_navigator.main' ansible-compat==24.10.0 
2024-11-19T21:30:55.904296+00:00 DEBUG 'ansible_navigator.main' ansible-core==2.15.2 
2024-11-19T21:30:55.904318+00:00 DEBUG 'ansible_navigator.main' ansible-creator==24.1.0 
2024-11-19T21:30:55.904339+00:00 DEBUG 'ansible_navigator.main' ansible-lint==6.22.2 
2024-11-19T21:30:55.904360+00:00 DEBUG 'ansible_navigator.main' ansible-navigator==24.2.0 
2024-11-19T21:30:55.904381+00:00 DEBUG 'ansible_navigator.main' ansible-runner==2.3.6 
2024-11-19T21:30:55.904402+00:00 DEBUG 'ansible_navigator.main' ansible_rulebook==1.1.1 /usr/local/lib/python3.9/site-packages/ansible_rulebook/__init__.py
2024-11-19T21:30:55.904424+00:00 DEBUG 'ansible_navigator.main' async-timeout==5.0.1 
2024-11-19T21:30:55.904445+00:00 DEBUG 'ansible_navigator.main' attrs==23.2.0 /usr/local/lib/python3.9/site-packages/attrs/__init__.py
2024-11-19T21:30:55.904466+00:00 DEBUG 'ansible_navigator.main' awxkit==4.5.6 /usr/lib/python3.9/site-packages/awxkit/__init__.py
2024-11-19T21:30:55.904488+00:00 DEBUG 'ansible_navigator.main' bindep==2.10.2 /usr/lib/python3.9/site-packages/bindep/__init__.py
2024-11-19T21:30:55.904510+00:00 DEBUG 'ansible_navigator.main' black==22.8.0 /usr/lib/python3.9/site-packages/black/__init__.py
2024-11-19T21:30:55.904531+00:00 DEBUG 'ansible_navigator.main' boto3==1.22.10 /usr/lib/python3.9/site-packages/boto3/__init__.py
2024-11-19T21:30:55.904552+00:00 DEBUG 'ansible_navigator.main' botocore==1.25.10 /usr/lib/python3.9/site-packages/botocore/__init__.py
2024-11-19T21:30:55.904573+00:00 DEBUG 'ansible_navigator.main' bracex==2.2.1 /usr/lib/python3.9/site-packages/bracex/__init__.py
2024-11-19T21:30:55.904594+00:00 DEBUG 'ansible_navigator.main' certifi==2022.12.7 /usr/lib/python3.9/site-packages/certifi/__init__.py
2024-11-19T21:30:55.904615+00:00 DEBUG 'ansible_navigator.main' cffi==1.15.0 /usr/lib64/python3.9/site-packages/cffi/__init__.py
2024-11-19T21:30:55.904636+00:00 DEBUG 'ansible_navigator.main' charset-normalizer==2.0.11 
2024-11-19T21:30:55.904658+00:00 DEBUG 'ansible_navigator.main' click==8.1.3 /usr/lib/python3.9/site-packages/click/__init__.py
2024-11-19T21:30:55.904680+00:00 DEBUG 'ansible_navigator.main' commonmark==0.9.1 /usr/lib/python3.9/site-packages/commonmark/__init__.py
2024-11-19T21:30:55.904701+00:00 DEBUG 'ansible_navigator.main' cryptography==38.0.4 /usr/lib64/python3.9/site-packages/cryptography/__init__.py
2024-11-19T21:30:55.904722+00:00 DEBUG 'ansible_navigator.main' dbus-python==1.2.18 
2024-11-19T21:30:55.904743+00:00 DEBUG 'ansible_navigator.main' decorator==4.4.2 /usr/lib/python3.9/site-packages/decorator.py
2024-11-19T21:30:55.904764+00:00 DEBUG 'ansible_navigator.main' distro==1.6.0 /usr/lib/python3.9/site-packages/distro.py
2024-11-19T21:30:55.904785+00:00 DEBUG 'ansible_navigator.main' docutils==0.16 /usr/lib/python3.9/site-packages/docutils/__init__.py
2024-11-19T21:30:55.904815+00:00 DEBUG 'ansible_navigator.main' dpath==2.2.0 /usr/local/lib/python3.9/site-packages/dpath/__init__.py
2024-11-19T21:30:55.904841+00:00 DEBUG 'ansible_navigator.main' drools_jpy==0.3.9 
2024-11-19T21:30:55.904863+00:00 DEBUG 'ansible_navigator.main' exceptiongroup==1.2.1 /usr/local/lib/python3.9/site-packages/exceptiongroup/__init__.py
2024-11-19T21:30:55.904884+00:00 DEBUG 'ansible_navigator.main' file-magic==0.4.0 
2024-11-19T21:30:55.904905+00:00 DEBUG 'ansible_navigator.main' filelock==3.8.0 /usr/lib/python3.9/site-packages/filelock/__init__.py
2024-11-19T21:30:55.904927+00:00 DEBUG 'ansible_navigator.main' frozenlist==1.5.0 /usr/local/lib64/python3.9/site-packages/frozenlist/__init__.py
2024-11-19T21:30:55.904948+00:00 DEBUG 'ansible_navigator.main' h11==0.14.0 /usr/local/lib/python3.9/site-packages/h11/__init__.py
2024-11-19T21:30:55.904979+00:00 DEBUG 'ansible_navigator.main' idna==3.3 /usr/lib/python3.9/site-packages/idna/__init__.py
2024-11-19T21:30:55.905012+00:00 DEBUG 'ansible_navigator.main' importlib-metadata==6.0.1 
2024-11-19T21:30:55.905035+00:00 DEBUG 'ansible_navigator.main' importlib-resources==5.0.7 
2024-11-19T21:30:55.905056+00:00 DEBUG 'ansible_navigator.main' iniparse==0.4 /usr/lib/python3.9/site-packages/iniparse/__init__.py
2024-11-19T21:30:55.905078+00:00 DEBUG 'ansible_navigator.main' janus==1.1.0 /usr/local/lib/python3.9/site-packages/janus/__init__.py
2024-11-19T21:30:55.905100+00:00 DEBUG 'ansible_navigator.main' jmespath==0.10.0 /usr/lib/python3.9/site-packages/jmespath/__init__.py
2024-11-19T21:30:55.905121+00:00 DEBUG 'ansible_navigator.main' jpy==0.19.0 /usr/local/lib64/python3.9/site-packages/jpy.cpython-39-x86_64-linux-gnu.so
2024-11-19T21:30:55.905142+00:00 DEBUG 'ansible_navigator.main' jsonschema==4.16.0 /usr/lib/python3.9/site-packages/jsonschema/__init__.py
2024-11-19T21:30:55.905163+00:00 DEBUG 'ansible_navigator.main' lockfile==0.12.2 /usr/lib/python3.9/site-packages/lockfile/__init__.py
2024-11-19T21:30:55.905185+00:00 DEBUG 'ansible_navigator.main' multidict==6.1.0 /usr/local/lib64/python3.9/site-packages/multidict/__init__.py
2024-11-19T21:30:55.905206+00:00 DEBUG 'ansible_navigator.main' mypy-extensions==0.4.3 
2024-11-19T21:30:55.905227+00:00 DEBUG 'ansible_navigator.main' onigurumacffi==1.1.0 /usr/lib64/python3.9/site-packages/onigurumacffi.py
2024-11-19T21:30:55.905248+00:00 DEBUG 'ansible_navigator.main' outcome==1.3.0.post0 /usr/local/lib/python3.9/site-packages/outcome/__init__.py
2024-11-19T21:30:55.905270+00:00 DEBUG 'ansible_navigator.main' packaging==21.3 /usr/lib/python3.9/site-packages/packaging/__init__.py
2024-11-19T21:30:55.905294+00:00 DEBUG 'ansible_navigator.main' pathspec==0.12.1 /usr/lib/python3.9/site-packages/pathspec/__init__.py
2024-11-19T21:30:55.905315+00:00 DEBUG 'ansible_navigator.main' pbr==5.9.0 /usr/lib/python3.9/site-packages/pbr/__init__.py
2024-11-19T21:30:55.905337+00:00 DEBUG 'ansible_navigator.main' pip==21.2.3 /usr/lib/python3.9/site-packages/pip/__init__.py
2024-11-19T21:30:55.905358+00:00 DEBUG 'ansible_navigator.main' propcache==0.2.0 /usr/local/lib64/python3.9/site-packages/propcache/__init__.py
2024-11-19T21:30:55.905380+00:00 DEBUG 'ansible_navigator.main' psycopg-binary==3.2.3 
2024-11-19T21:30:55.905401+00:00 DEBUG 'ansible_navigator.main' psycopg2==2.9.3 /usr/lib64/python3.9/site-packages/psycopg2/__init__.py
2024-11-19T21:30:55.905422+00:00 DEBUG 'ansible_navigator.main' psycopg==3.2.3 /usr/local/lib/python3.9/site-packages/psycopg/__init__.py
2024-11-19T21:30:55.905444+00:00 DEBUG 'ansible_navigator.main' pycairo==1.20.1 
2024-11-19T21:30:55.905465+00:00 DEBUG 'ansible_navigator.main' pycparser==2.21 /usr/lib/python3.9/site-packages/pycparser/__init__.py
2024-11-19T21:30:55.905486+00:00 DEBUG 'ansible_navigator.main' pyinotify==0.9.6 /usr/lib/python3.9/site-packages/pyinotify.py
2024-11-19T21:30:55.905507+00:00 DEBUG 'ansible_navigator.main' pyrsistent==0.17.3 /usr/lib64/python3.9/site-packages/pyrsistent/__init__.py
2024-11-19T21:30:55.905528+00:00 DEBUG 'ansible_navigator.main' python-daemon==2.3.2 
2024-11-19T21:30:55.905553+00:00 DEBUG 'ansible_navigator.main' python-dateutil==2.8.1 
2024-11-19T21:30:55.905575+00:00 DEBUG 'ansible_navigator.main' receptorctl==1.4.5 /usr/lib/python3.9/site-packages/receptorctl/__init__.py
2024-11-19T21:30:55.905599+00:00 DEBUG 'ansible_navigator.main' requests==2.31.0 /usr/lib/python3.9/site-packages/requests/__init__.py
2024-11-19T21:30:55.905621+00:00 DEBUG 'ansible_navigator.main' requirements-parser==0.2.0 
2024-11-19T21:30:55.905642+00:00 DEBUG 'ansible_navigator.main' resolvelib==0.5.4 /usr/lib/python3.9/site-packages/resolvelib/__init__.py
2024-11-19T21:30:55.905663+00:00 DEBUG 'ansible_navigator.main' ruamel.yaml.clib==0.2.7 
2024-11-19T21:30:55.905685+00:00 DEBUG 'ansible_navigator.main' ruamel.yaml==0.18.6 /usr/local/lib/python3.9/site-packages/ruamel/yaml/__init__.py
2024-11-19T21:30:55.905707+00:00 DEBUG 'ansible_navigator.main' s3transfer==0.5.2 /usr/lib/python3.9/site-packages/s3transfer/__init__.py
2024-11-19T21:30:55.905730+00:00 DEBUG 'ansible_navigator.main' selenium==4.20.0 /usr/local/lib/python3.9/site-packages/selenium/__init__.py
2024-11-19T21:30:55.905753+00:00 DEBUG 'ansible_navigator.main' selinux==3.5 /usr/lib64/python3.9/site-packages/selinux/__init__.py
2024-11-19T21:30:55.905774+00:00 DEBUG 'ansible_navigator.main' sepolicy==3.5 /usr/lib/python3.9/site-packages/sepolicy/__init__.py
2024-11-19T21:30:55.905795+00:00 DEBUG 'ansible_navigator.main' setools==4.4.3 /usr/lib64/python3.9/site-packages/setools/__init__.py
2024-11-19T21:30:55.905816+00:00 DEBUG 'ansible_navigator.main' setuptools==53.0.0 /usr/lib/python3.9/site-packages/setuptools/__init__.py
2024-11-19T21:30:55.905837+00:00 DEBUG 'ansible_navigator.main' six==1.16.0 /usr/lib/python3.9/site-packages/six.py
2024-11-19T21:30:55.905858+00:00 DEBUG 'ansible_navigator.main' sniffio==1.3.1 /usr/local/lib/python3.9/site-packages/sniffio/__init__.py
2024-11-19T21:30:55.905880+00:00 DEBUG 'ansible_navigator.main' sortedcontainers==2.4.0 /usr/local/lib/python3.9/site-packages/sortedcontainers/__init__.py
2024-11-19T21:30:55.905901+00:00 DEBUG 'ansible_navigator.main' sos==4.7.0 /usr/lib/python3.9/site-packages/sos/__init__.py
2024-11-19T21:30:55.905923+00:00 DEBUG 'ansible_navigator.main' subprocess-tee==0.4.1 
2024-11-19T21:30:55.905944+00:00 DEBUG 'ansible_navigator.main' subscription-manager==1.29.40 
2024-11-19T21:30:55.905965+00:00 DEBUG 'ansible_navigator.main' supervisor==4.2.4 /usr/lib/python3.9/site-packages/supervisor/__init__.py
2024-11-19T21:30:55.906006+00:00 DEBUG 'ansible_navigator.main' tomli==2.0.1 /usr/lib/python3.9/site-packages/tomli/__init__.py
2024-11-19T21:30:55.906029+00:00 DEBUG 'ansible_navigator.main' trio-websocket==0.11.1 
2024-11-19T21:30:55.906050+00:00 DEBUG 'ansible_navigator.main' trio==0.25.0 /usr/local/lib/python3.9/site-packages/trio/__init__.py
2024-11-19T21:30:55.906072+00:00 DEBUG 'ansible_navigator.main' typing_extensions==4.11.0 /usr/local/lib/python3.9/site-packages/typing_extensions.py
2024-11-19T21:30:55.906093+00:00 DEBUG 'ansible_navigator.main' tzdata==2024.2 /usr/local/lib/python3.9/site-packages/tzdata/__init__.py
2024-11-19T21:30:55.906114+00:00 DEBUG 'ansible_navigator.main' urllib3==1.26.18 /usr/lib/python3.9/site-packages/urllib3/__init__.py
2024-11-19T21:30:55.906135+00:00 DEBUG 'ansible_navigator.main' watchdog==6.0.0 /usr/local/lib/python3.9/site-packages/watchdog/__init__.py
2024-11-19T21:30:55.906156+00:00 DEBUG 'ansible_navigator.main' wcmatch==8.3 /usr/lib/python3.9/site-packages/wcmatch/__init__.py
2024-11-19T21:30:55.906177+00:00 DEBUG 'ansible_navigator.main' websockets==14.1 /usr/local/lib64/python3.9/site-packages/websockets/__init__.py
2024-11-19T21:30:55.906199+00:00 DEBUG 'ansible_navigator.main' wsproto==1.2.0 /usr/local/lib/python3.9/site-packages/wsproto/__init__.py
2024-11-19T21:30:55.906219+00:00 DEBUG 'ansible_navigator.main' xxhash==3.5.0 /usr/local/lib64/python3.9/site-packages/xxhash/__init__.py
2024-11-19T21:30:55.906241+00:00 DEBUG 'ansible_navigator.main' yamllint==1.35.1 /usr/lib/python3.9/site-packages/yamllint/__init__.py
2024-11-19T21:30:55.906265+00:00 DEBUG 'ansible_navigator.main' yarl==1.17.2 /usr/local/lib64/python3.9/site-packages/yarl/__init__.py
2024-11-19T21:30:55.906286+00:00 DEBUG 'ansible_navigator.main' zipp==3.4.0 /usr/lib/python3.9/site-packages/zipp.py
2024-11-19T21:30:55.906307+00:00 DEBUG 'ansible_navigator.main' Default collection_doc_cache_path set to: /home/student/.cache/ansible-navigator/collection_doc_cache.db
2024-11-19T21:30:55.906329+00:00 DEBUG 'ansible_navigator.main' EDITOR environment variable not set
2024-11-19T21:30:55.906350+00:00 DEBUG 'ansible_navigator.main' Default editor_command set to: vi +{line_number} {filename}
2024-11-19T21:30:55.906371+00:00 DEBUG 'ansible_navigator.main' No config file set by ANSIBLE_NAVIGATOR_CONFIG
2024-11-19T21:30:55.906392+00:00 DEBUG 'ansible_navigator.main' Looking in /home/student
2024-11-19T21:30:55.906413+00:00 DEBUG 'ansible_navigator.main' Looking for '/home/student/.ansible-navigator.yml', '/home/student/.ansible-navigator.yaml' and '/home/student/.ansible-navigator.json'
2024-11-19T21:30:55.906439+00:00 DEBUG 'ansible_navigator.main' Found 1: '/home/student/.ansible-navigator.yml'
2024-11-19T21:30:55.906460+00:00 DEBUG 'ansible_navigator.main' Looking in /home/student/autocon2_aap_workshop
2024-11-19T21:30:55.906480+00:00 DEBUG 'ansible_navigator.main' Looking for '/home/student/autocon2_aap_workshop/ansible-navigator.yml', '/home/student/autocon2_aap_workshop/ansible-navigator.yaml' and '/home/student/autocon2_aap_workshop/ansible-navigator.json'
2024-11-19T21:30:55.906502+00:00 DEBUG 'ansible_navigator.main' Found 1: '/home/student/autocon2_aap_workshop/ansible-navigator.yml'
2024-11-19T21:30:55.906523+00:00 DEBUG 'ansible_navigator.main' All found 2: '/home/student/.ansible-navigator.yml' and '/home/student/autocon2_aap_workshop/ansible-navigator.yml'
2024-11-19T21:30:55.906545+00:00 DEBUG 'ansible_navigator.main' Using: /home/student/autocon2_aap_workshop/ansible-navigator.yml
2024-11-19T21:30:55.906566+00:00 DEBUG 'ansible_navigator.main' Using settings file at /home/student/autocon2_aap_workshop/ansible-navigator.yml in search path
2024-11-19T21:30:55.906587+00:00 DEBUG 'ansible_navigator.main' Command provided: 'run'
2024-11-19T21:30:55.906608+00:00 DEBUG 'ansible_navigator.main' ansible-navigator.ansible-runner.artifact-dir not found in settings file
2024-11-19T21:30:55.906629+00:00 DEBUG 'ansible_navigator.main' ansible-navigator.ansible-runner.rotate-artifacts-count not found in settings file
2024-11-19T21:30:55.906650+00:00 DEBUG 'ansible_navigator.main' ansible-navigator.ansible-runner.timeout not found in settings file
2024-11-19T21:30:55.906671+00:00 DEBUG 'ansible_navigator.main' ansible-navigator.ansible-runner.job-events not found in settings file
2024-11-19T21:30:55.906692+00:00 DEBUG 'ansible_navigator.main' ansible-navigator.app not found in settings file
2024-11-19T21:30:55.906713+00:00 DEBUG 'ansible_navigator.main' ansible-navigator.ansible.cmdline not found in settings file
2024-11-19T21:30:55.906734+00:00 DEBUG 'ansible_navigator.main' ansible-navigator.collection-doc-cache-path not found in settings file
2024-11-19T21:30:55.906756+00:00 DEBUG 'ansible_navigator.main' ansible-navigator.ansible.config.path not found in settings file
2024-11-19T21:30:55.906776+00:00 DEBUG 'ansible_navigator.main' ansible-navigator.execution-environment.container-options not found in settings file
2024-11-19T21:30:55.906798+00:00 DEBUG 'ansible_navigator.main' ansible-navigator.color.enable not found in settings file
2024-11-19T21:30:55.906819+00:00 DEBUG 'ansible_navigator.main' ansible-navigator.editor.command not found in settings file
2024-11-19T21:30:55.906841+00:00 DEBUG 'ansible_navigator.main' ansible-navigator.editor.console not found in settings file
2024-11-19T21:30:55.906861+00:00 DEBUG 'ansible_navigator.main' ansible-navigator.enable-prompts not found in settings file
2024-11-19T21:30:55.906882+00:00 DEBUG 'ansible_navigator.main' ansible-navigator.exec.command not found in settings file
2024-11-19T21:30:55.906914+00:00 DEBUG 'ansible_navigator.main' ansible-navigator.exec.shell not found in settings file
2024-11-19T21:30:55.906954+00:00 DEBUG 'ansible_navigator.main' ansible-navigator.execution-environment.volume-mounts not found in settings file
2024-11-19T21:30:55.907029+00:00 DEBUG 'ansible_navigator.main' ansible-navigator.format not found in settings file
2024-11-19T21:30:55.907070+00:00 DEBUG 'ansible_navigator.main' ansible-navigator.ansible-builder.help not found in settings file
2024-11-19T21:30:55.907102+00:00 DEBUG 'ansible_navigator.main' ansible-navigator.ansible.config.help not found in settings file
2024-11-19T21:30:55.907135+00:00 DEBUG 'ansible_navigator.main' ansible-navigator.ansible.doc.help not found in settings file
2024-11-19T21:30:55.907165+00:00 DEBUG 'ansible_navigator.main' ansible-navigator.ansible.inventory.help not found in settings file
2024-11-19T21:30:55.907187+00:00 DEBUG 'ansible_navigator.main' ansible-navigator.ansible.playbook.help not found in settings file
2024-11-19T21:30:55.907208+00:00 DEBUG 'ansible_navigator.main' ansible-navigator.images.details not found in settings file
2024-11-19T21:30:55.907229+00:00 DEBUG 'ansible_navigator.main' ansible-navigator.inventory-columns not found in settings file
2024-11-19T21:30:55.907251+00:00 DEBUG 'ansible_navigator.main' ansible-navigator.ansible-lint.config not found in settings file
2024-11-19T21:30:55.907272+00:00 DEBUG 'ansible_navigator.main' ansible-navigator.ansible-lint.lintables not found in settings file
2024-11-19T21:30:55.907293+00:00 DEBUG 'ansible_navigator.main' ansible-navigator.logging.append not found in settings file
2024-11-19T21:30:55.907317+00:00 DEBUG 'ansible_navigator.main' ansible-navigator.mode not found in settings file
2024-11-19T21:30:55.907356+00:00 DEBUG 'ansible_navigator.main' ansible-navigator.color.osc4 not found in settings file
2024-11-19T21:30:55.907390+00:00 DEBUG 'ansible_navigator.main' ansible-navigator.execution-environment.environment-variables.pass not found in settings file
2024-11-19T21:30:55.907422+00:00 DEBUG 'ansible_navigator.main' ansible-navigator.ansible.playbook.path not found in settings file
2024-11-19T21:30:55.907454+00:00 DEBUG 'ansible_navigator.main' ansible-navigator.playbook-artifact.enable not found in settings file
2024-11-19T21:30:55.907489+00:00 DEBUG 'ansible_navigator.main' ansible-navigator.playbook-artifact.replay not found in settings file
2024-11-19T21:30:55.907528+00:00 DEBUG 'ansible_navigator.main' ansible-navigator.ansible.doc.plugin.name not found in settings file
2024-11-19T21:30:55.907564+00:00 DEBUG 'ansible_navigator.main' ansible-navigator.ansible.doc.plugin.type not found in settings file
2024-11-19T21:30:55.907600+00:00 DEBUG 'ansible_navigator.main' ansible-navigator.execution-environment.pull.arguments not found in settings file
2024-11-19T21:30:55.907623+00:00 DEBUG 'ansible_navigator.main' ansible-navigator.execution-environment.environment-variables.set not found in settings file
2024-11-19T21:30:55.907645+00:00 DEBUG 'ansible_navigator.main' ansible-navigator.settings.effective not found in settings file
2024-11-19T21:30:55.907666+00:00 DEBUG 'ansible_navigator.main' ansible-navigator.settings.sample not found in settings file
2024-11-19T21:30:55.907687+00:00 DEBUG 'ansible_navigator.main' ansible-navigator.settings.schema not found in settings file
2024-11-19T21:30:55.907708+00:00 DEBUG 'ansible_navigator.main' ansible-navigator.settings.sources not found in settings file
2024-11-19T21:30:55.907729+00:00 DEBUG 'ansible_navigator.main' ansible-navigator.time-zone not found in settings file
2024-11-19T21:30:55.907750+00:00 DEBUG 'ansible_navigator.main' ansible-navigator.ansible-builder.workdir not found in settings file
2024-11-19T21:30:55.907780+00:00 DEBUG 'ansible_navigator.main' EE support enabled: using current working directory for 'ansible.cfg'
2024-11-19T21:30:55.907815+00:00 INFO 'ansible_navigator.main' EE support enabled: found 'ansible.cfg' in current working directory.
2024-11-19T21:30:55.907850+00:00 DEBUG 'ansible_navigator.main' Completed post processing for ansible_runner_artifact_dir. (changed=False)
2024-11-19T21:30:55.907890+00:00 DEBUG 'ansible_navigator.main' Completed post processing for ansible_runner_rotate_artifacts_count. (changed=False)
2024-11-19T21:30:55.907928+00:00 DEBUG 'ansible_navigator.main' Completed post processing for ansible_runner_timeout. (changed=False)
2024-11-19T21:30:55.907986+00:00 DEBUG 'ansible_navigator.main' Completed post processing for cmdline. (changed=False)
2024-11-19T21:30:55.908048+00:00 DEBUG 'ansible_navigator.main' Completed post processing for collection_doc_cache_path. (changed=False)
2024-11-19T21:30:55.908075+00:00 DEBUG 'ansible_navigator.main' Completed post processing for container_engine. (changed=False)
2024-11-19T21:30:55.908097+00:00 DEBUG 'ansible_navigator.main' Completed post processing for container_options. (changed=False)
2024-11-19T21:30:55.908118+00:00 DEBUG 'ansible_navigator.main' Completed post processing for display_color. (changed=False)
2024-11-19T21:30:55.908139+00:00 DEBUG 'ansible_navigator.main' Completed post processing for enable_prompts. (changed=False)
2024-11-19T21:30:55.908161+00:00 DEBUG 'ansible_navigator.main' Completed post processing for execution_environment. (changed=False)
2024-11-19T21:30:55.908182+00:00 DEBUG 'ansible_navigator.main' Completed post processing for execution_environment_image. (changed=False)
2024-11-19T21:30:55.908204+00:00 DEBUG 'ansible_navigator.main' Completed post processing for help_builder. (changed=False)
2024-11-19T21:30:55.908225+00:00 DEBUG 'ansible_navigator.main' Completed post processing for help_config. (changed=False)
2024-11-19T21:30:55.908247+00:00 DEBUG 'ansible_navigator.main' Completed post processing for help_doc. (changed=False)
2024-11-19T21:30:55.908268+00:00 DEBUG 'ansible_navigator.main' Completed post processing for help_inventory. (changed=False)
2024-11-19T21:30:55.908289+00:00 DEBUG 'ansible_navigator.main' Completed post processing for help_playbook. (changed=False)
2024-11-19T21:30:55.908310+00:00 DEBUG 'ansible_navigator.main' Completed post processing for images_details. (changed=False)
2024-11-19T21:30:55.908332+00:00 DEBUG 'ansible_navigator.main' Completed post processing for inventory. (changed=False)
2024-11-19T21:30:55.908353+00:00 DEBUG 'ansible_navigator.main' Completed post processing for inventory_column. (changed=False)
2024-11-19T21:30:55.908374+00:00 DEBUG 'ansible_navigator.main' Completed post processing for log_file. (changed=False)
2024-11-19T21:30:55.908395+00:00 DEBUG 'ansible_navigator.main' Completed post processing for pass_environment_variable. (changed=False)
2024-11-19T21:30:55.908417+00:00 DEBUG 'ansible_navigator.main' Completed post processing for playbook. (changed=False)
2024-11-19T21:30:55.908438+00:00 DEBUG 'ansible_navigator.main' Completed post processing for playbook_artifact_replay. (changed=False)
2024-11-19T21:30:55.908459+00:00 DEBUG 'ansible_navigator.main' Completed post processing for playbook_artifact_save_as. (changed=False)
2024-11-19T21:30:55.908480+00:00 DEBUG 'ansible_navigator.main' Completed post processing for plugin_name. (changed=False)
2024-11-19T21:30:55.908501+00:00 DEBUG 'ansible_navigator.main' Completed post processing for pull_arguments. (changed=False)
2024-11-19T21:30:55.908522+00:00 DEBUG 'ansible_navigator.main' Completed post processing for set_environment_variable. (changed=False)
2024-11-19T21:30:55.908543+00:00 DEBUG 'ansible_navigator.main' Completed post processing for settings_effective. (changed=False)
2024-11-19T21:30:55.908566+00:00 DEBUG 'ansible_navigator.main' Completed post processing for settings_sample. (changed=False)
2024-11-19T21:30:55.908587+00:00 DEBUG 'ansible_navigator.main' Completed post processing for settings_schema. (changed=False)
2024-11-19T21:30:55.908608+00:00 DEBUG 'ansible_navigator.main' Completed post processing for settings_sources. (changed=False)
2024-11-19T21:30:55.908630+00:00 DEBUG 'ansible_navigator.main' Completed post processing for time_zone. (changed=False)
2024-11-19T21:30:55.908650+00:00 DEBUG 'ansible_navigator.main' Completed post processing for execution_environment_volume_mounts. (changed=False)
2024-11-19T21:30:55.908680+00:00 DEBUG 'ansible_navigator.main' Completed post processing for mode. (changed=False)
2024-11-19T21:30:55.908702+00:00 DEBUG 'ansible_navigator.main' Completed post processing for playbook_artifact_enable. (changed=False)
2024-11-19T21:30:55.908729+00:00 WARNING 'ansible_navigator.main' Configuration errors encountered, rolling back to previous configuration.
2024-11-19T21:30:55.908751+00:00 DEBUG 'ansible_navigator.main' Prior to rollback: ansible_runner_artifact_dir = 'Not set' (Constants/Not set)
2024-11-19T21:30:55.908772+00:00 DEBUG 'ansible_navigator.main' Prior to rollback: ansible_runner_rotate_artifacts_count = 'Not set' (Constants/Not set)
2024-11-19T21:30:55.908793+00:00 DEBUG 'ansible_navigator.main' Prior to rollback: ansible_runner_timeout = 'Not set' (Constants/Not set)
2024-11-19T21:30:55.908814+00:00 DEBUG 'ansible_navigator.main' Prior to rollback: ansible_runner_write_job_events = 'False' (bool/Defaults)
2024-11-19T21:30:55.908835+00:00 DEBUG 'ansible_navigator.main' Prior to rollback: app = 'run' (str/Command line)
2024-11-19T21:30:55.908856+00:00 DEBUG 'ansible_navigator.main' Prior to rollback: cmdline = 'Not set' (Constants/Not set)
2024-11-19T21:30:55.908877+00:00 DEBUG 'ansible_navigator.main' Prior to rollback: collection_doc_cache_path = '/home/student/.cache/ansible-navigator/collection_doc_cache.db' (str/Defaults)
2024-11-19T21:30:55.908898+00:00 DEBUG 'ansible_navigator.main' Prior to rollback: config = 'Not set' (Constants/Not set)
2024-11-19T21:30:55.908919+00:00 DEBUG 'ansible_navigator.main' Prior to rollback: container_engine = 'podman' (str/Settings file)
2024-11-19T21:30:55.908939+00:00 DEBUG 'ansible_navigator.main' Prior to rollback: container_options = 'Not set' (Constants/Not set)
2024-11-19T21:30:55.908959+00:00 DEBUG 'ansible_navigator.main' Prior to rollback: display_color = 'True' (bool/Defaults)
2024-11-19T21:30:55.909007+00:00 DEBUG 'ansible_navigator.main' Prior to rollback: editor_command = 'vi +{line_number} {filename}' (str/Defaults)
2024-11-19T21:30:55.909045+00:00 DEBUG 'ansible_navigator.main' Prior to rollback: editor_console = 'True' (bool/Defaults)
2024-11-19T21:30:55.909077+00:00 DEBUG 'ansible_navigator.main' Prior to rollback: enable_prompts = 'False' (bool/Defaults)
2024-11-19T21:30:55.909111+00:00 DEBUG 'ansible_navigator.main' Prior to rollback: exec_command = '/bin/bash' (str/Defaults)
2024-11-19T21:30:55.909145+00:00 DEBUG 'ansible_navigator.main' Prior to rollback: exec_shell = 'True' (bool/Defaults)
2024-11-19T21:30:55.909169+00:00 DEBUG 'ansible_navigator.main' Prior to rollback: execution_environment = 'True' (bool/Settings file)
2024-11-19T21:30:55.909191+00:00 DEBUG 'ansible_navigator.main' Prior to rollback: execution_environment_image = 'autocon-ee:latest' (str/Settings file)
2024-11-19T21:30:55.909212+00:00 DEBUG 'ansible_navigator.main' Prior to rollback: execution_environment_volume_mounts = 'Not set' (Constants/Not set)
2024-11-19T21:30:55.909233+00:00 DEBUG 'ansible_navigator.main' Prior to rollback: format = 'yaml' (str/Defaults)
2024-11-19T21:30:55.909254+00:00 DEBUG 'ansible_navigator.main' Prior to rollback: help_builder = 'False' (bool/Defaults)
2024-11-19T21:30:55.909276+00:00 DEBUG 'ansible_navigator.main' Prior to rollback: help_config = 'False' (bool/Defaults)
2024-11-19T21:30:55.909297+00:00 DEBUG 'ansible_navigator.main' Prior to rollback: help_doc = 'False' (bool/Defaults)
2024-11-19T21:30:55.909319+00:00 DEBUG 'ansible_navigator.main' Prior to rollback: help_inventory = 'False' (bool/Defaults)
2024-11-19T21:30:55.909340+00:00 DEBUG 'ansible_navigator.main' Prior to rollback: help_playbook = 'False' (bool/Defaults)
2024-11-19T21:30:55.909362+00:00 DEBUG 'ansible_navigator.main' Prior to rollback: images_details = '['everything']' (list/Defaults)
2024-11-19T21:30:55.909383+00:00 DEBUG 'ansible_navigator.main' Prior to rollback: inventory = '['/home/student/autocon2_aap_workshop/hosts']' (list/Settings file)
2024-11-19T21:30:55.909409+00:00 DEBUG 'ansible_navigator.main' Prior to rollback: inventory_column = 'Not set' (Constants/Not set)
2024-11-19T21:30:55.909431+00:00 DEBUG 'ansible_navigator.main' Prior to rollback: lint_config = 'Not set' (Constants/Not set)
2024-11-19T21:30:55.909452+00:00 DEBUG 'ansible_navigator.main' Prior to rollback: lintables = 'Not set' (Constants/Not set)
2024-11-19T21:30:55.909474+00:00 DEBUG 'ansible_navigator.main' Prior to rollback: log_append = 'True' (bool/Defaults)
2024-11-19T21:30:55.909496+00:00 DEBUG 'ansible_navigator.main' Prior to rollback: log_file = '/home/student/ansible-navigator.log' (str/Settings file)
2024-11-19T21:30:55.909517+00:00 DEBUG 'ansible_navigator.main' Prior to rollback: log_level = 'debug' (str/Settings file)
2024-11-19T21:30:55.909538+00:00 DEBUG 'ansible_navigator.main' Prior to rollback: mode = 'interactive' (str/Defaults)
2024-11-19T21:30:55.909559+00:00 DEBUG 'ansible_navigator.main' Prior to rollback: osc4 = 'True' (bool/Defaults)
2024-11-19T21:30:55.909583+00:00 DEBUG 'ansible_navigator.main' Prior to rollback: pass_environment_variable = 'Not set' (Constants/Not set)
2024-11-19T21:30:55.909620+00:00 DEBUG 'ansible_navigator.main' Prior to rollback: playbook = 'Not set' (Constants/Not set)
2024-11-19T21:30:55.909660+00:00 DEBUG 'ansible_navigator.main' Prior to rollback: playbook_artifact_enable = 'True' (bool/Defaults)
2024-11-19T21:30:55.909696+00:00 DEBUG 'ansible_navigator.main' Prior to rollback: playbook_artifact_replay = 'Not set' (Constants/Not set)
2024-11-19T21:30:55.909729+00:00 DEBUG 'ansible_navigator.main' Prior to rollback: playbook_artifact_save_as = '/home/student/playbook-artifacts-autocon2/{playbook_name}-artifact-{time_stamp}.json' (str/Settings file)
2024-11-19T21:30:55.909768+00:00 DEBUG 'ansible_navigator.main' Prior to rollback: plugin_name = 'Not set' (Constants/Not set)
2024-11-19T21:30:55.909806+00:00 DEBUG 'ansible_navigator.main' Prior to rollback: plugin_type = 'module' (str/Defaults)
2024-11-19T21:30:55.909833+00:00 DEBUG 'ansible_navigator.main' Prior to rollback: pull_arguments = 'Not set' (Constants/Not set)
2024-11-19T21:30:55.909854+00:00 DEBUG 'ansible_navigator.main' Prior to rollback: pull_policy = 'never' (str/Settings file)
2024-11-19T21:30:55.909876+00:00 DEBUG 'ansible_navigator.main' Prior to rollback: set_environment_variable = 'Not set' (Constants/Not set)
2024-11-19T21:30:55.909897+00:00 DEBUG 'ansible_navigator.main' Prior to rollback: settings_effective = 'False' (bool/Defaults)
2024-11-19T21:30:55.909918+00:00 DEBUG 'ansible_navigator.main' Prior to rollback: settings_sample = 'False' (bool/Defaults)
2024-11-19T21:30:55.909939+00:00 DEBUG 'ansible_navigator.main' Prior to rollback: settings_schema = 'json' (str/Defaults)
2024-11-19T21:30:55.909960+00:00 DEBUG 'ansible_navigator.main' Prior to rollback: settings_sources = 'False' (bool/Defaults)
2024-11-19T21:30:55.909998+00:00 DEBUG 'ansible_navigator.main' Prior to rollback: time_zone = 'UTC' (str/Defaults)
2024-11-19T21:30:55.910027+00:00 DEBUG 'ansible_navigator.main' Prior to rollback: workdir = '/home/student/autocon2_aap_workshop' (str/Defaults)
2024-11-19T21:30:55.910048+00:00 DEBUG 'ansible_navigator.main' After rollback: ansible_runner_artifact_dir = 'Not set' (Constants/Not set)
2024-11-19T21:30:55.910070+00:00 DEBUG 'ansible_navigator.main' After rollback: ansible_runner_rotate_artifacts_count = 'Not set' (Constants/Not set)
2024-11-19T21:30:55.910091+00:00 DEBUG 'ansible_navigator.main' After rollback: ansible_runner_timeout = 'Not set' (Constants/Not set)
2024-11-19T21:30:55.910112+00:00 DEBUG 'ansible_navigator.main' After rollback: ansible_runner_write_job_events = 'Not set' (Constants/Not set)
2024-11-19T21:30:55.910134+00:00 DEBUG 'ansible_navigator.main' After rollback: app = 'Not set' (Constants/Not set)
2024-11-19T21:30:55.910155+00:00 DEBUG 'ansible_navigator.main' After rollback: cmdline = 'Not set' (Constants/Not set)
2024-11-19T21:30:55.910176+00:00 DEBUG 'ansible_navigator.main' After rollback: collection_doc_cache_path = 'Not set' (Constants/Not set)
2024-11-19T21:30:55.910203+00:00 DEBUG 'ansible_navigator.main' After rollback: config = 'Not set' (Constants/Not set)
2024-11-19T21:30:55.910225+00:00 DEBUG 'ansible_navigator.main' After rollback: container_engine = 'Not set' (Constants/Not set)
2024-11-19T21:30:55.910250+00:00 DEBUG 'ansible_navigator.main' After rollback: container_options = 'Not set' (Constants/Not set)
2024-11-19T21:30:55.910288+00:00 DEBUG 'ansible_navigator.main' After rollback: display_color = 'Not set' (Constants/Not set)
2024-11-19T21:30:55.910322+00:00 DEBUG 'ansible_navigator.main' After rollback: editor_command = 'Not set' (Constants/Not set)
2024-11-19T21:30:55.910354+00:00 DEBUG 'ansible_navigator.main' After rollback: editor_console = 'Not set' (Constants/Not set)
2024-11-19T21:30:55.910393+00:00 DEBUG 'ansible_navigator.main' After rollback: enable_prompts = 'Not set' (Constants/Not set)
2024-11-19T21:30:55.910430+00:00 DEBUG 'ansible_navigator.main' After rollback: exec_command = 'Not set' (Constants/Not set)
2024-11-19T21:30:55.910471+00:00 DEBUG 'ansible_navigator.main' After rollback: exec_shell = 'Not set' (Constants/Not set)
2024-11-19T21:30:55.910506+00:00 DEBUG 'ansible_navigator.main' After rollback: execution_environment = 'Not set' (Constants/Not set)
2024-11-19T21:30:55.910540+00:00 DEBUG 'ansible_navigator.main' After rollback: execution_environment_image = 'Not set' (Constants/Not set)
2024-11-19T21:30:55.910576+00:00 DEBUG 'ansible_navigator.main' After rollback: execution_environment_volume_mounts = 'Not set' (Constants/Not set)
2024-11-19T21:30:55.910613+00:00 DEBUG 'ansible_navigator.main' After rollback: format = 'Not set' (Constants/Not set)
2024-11-19T21:30:55.910637+00:00 DEBUG 'ansible_navigator.main' After rollback: help_builder = 'Not set' (Constants/Not set)
2024-11-19T21:30:55.910659+00:00 DEBUG 'ansible_navigator.main' After rollback: help_config = 'Not set' (Constants/Not set)
2024-11-19T21:30:55.910680+00:00 DEBUG 'ansible_navigator.main' After rollback: help_doc = 'Not set' (Constants/Not set)
2024-11-19T21:30:55.910706+00:00 DEBUG 'ansible_navigator.main' After rollback: help_inventory = 'Not set' (Constants/Not set)
2024-11-19T21:30:55.910728+00:00 DEBUG 'ansible_navigator.main' After rollback: help_playbook = 'Not set' (Constants/Not set)
2024-11-19T21:30:55.910749+00:00 DEBUG 'ansible_navigator.main' After rollback: images_details = 'Not set' (Constants/Not set)
2024-11-19T21:30:55.910770+00:00 DEBUG 'ansible_navigator.main' After rollback: inventory = 'Not set' (Constants/Not set)
2024-11-19T21:30:55.910791+00:00 DEBUG 'ansible_navigator.main' After rollback: inventory_column = 'Not set' (Constants/Not set)
2024-11-19T21:30:55.910813+00:00 DEBUG 'ansible_navigator.main' After rollback: lint_config = 'Not set' (Constants/Not set)
2024-11-19T21:30:55.910834+00:00 DEBUG 'ansible_navigator.main' After rollback: lintables = 'Not set' (Constants/Not set)
2024-11-19T21:30:55.910855+00:00 DEBUG 'ansible_navigator.main' After rollback: log_append = 'Not set' (Constants/Not set)
2024-11-19T21:30:55.910879+00:00 DEBUG 'ansible_navigator.main' After rollback: log_file = 'Not set' (Constants/Not set)
2024-11-19T21:30:55.910901+00:00 DEBUG 'ansible_navigator.main' After rollback: log_level = 'Not set' (Constants/Not set)
2024-11-19T21:30:55.910922+00:00 DEBUG 'ansible_navigator.main' After rollback: mode = 'Not set' (Constants/Not set)
2024-11-19T21:30:55.910943+00:00 DEBUG 'ansible_navigator.main' After rollback: osc4 = 'Not set' (Constants/Not set)
2024-11-19T21:30:55.910964+00:00 DEBUG 'ansible_navigator.main' After rollback: pass_environment_variable = 'Not set' (Constants/Not set)
2024-11-19T21:30:55.911008+00:00 DEBUG 'ansible_navigator.main' After rollback: playbook = 'Not set' (Constants/Not set)
2024-11-19T21:30:55.911031+00:00 DEBUG 'ansible_navigator.main' After rollback: playbook_artifact_enable = 'Not set' (Constants/Not set)
2024-11-19T21:30:55.911052+00:00 DEBUG 'ansible_navigator.main' After rollback: playbook_artifact_replay = 'Not set' (Constants/Not set)
2024-11-19T21:30:55.911079+00:00 DEBUG 'ansible_navigator.main' After rollback: playbook_artifact_save_as = 'Not set' (Constants/Not set)
2024-11-19T21:30:55.911100+00:00 DEBUG 'ansible_navigator.main' After rollback: plugin_name = 'Not set' (Constants/Not set)
2024-11-19T21:30:55.911121+00:00 DEBUG 'ansible_navigator.main' After rollback: plugin_type = 'Not set' (Constants/Not set)
2024-11-19T21:30:55.911142+00:00 DEBUG 'ansible_navigator.main' After rollback: pull_arguments = 'Not set' (Constants/Not set)
2024-11-19T21:30:55.911163+00:00 DEBUG 'ansible_navigator.main' After rollback: pull_policy = 'Not set' (Constants/Not set)
2024-11-19T21:30:55.911184+00:00 DEBUG 'ansible_navigator.main' After rollback: set_environment_variable = 'Not set' (Constants/Not set)
2024-11-19T21:30:55.911205+00:00 DEBUG 'ansible_navigator.main' After rollback: settings_effective = 'Not set' (Constants/Not set)
2024-11-19T21:30:55.911229+00:00 DEBUG 'ansible_navigator.main' After rollback: settings_sample = 'Not set' (Constants/Not set)
2024-11-19T21:30:55.911250+00:00 DEBUG 'ansible_navigator.main' After rollback: settings_schema = 'Not set' (Constants/Not set)
2024-11-19T21:30:55.911271+00:00 DEBUG 'ansible_navigator.main' After rollback: settings_sources = 'Not set' (Constants/Not set)
2024-11-19T21:30:55.911294+00:00 DEBUG 'ansible_navigator.main' After rollback: time_zone = 'Not set' (Constants/Not set)
2024-11-19T21:30:55.911316+00:00 DEBUG 'ansible_navigator.main' After rollback: workdir = 'Not set' (Constants/Not set)
2024-11-19T21:30:55.911337+00:00 DEBUG 'ansible_navigator.main' Configuration rollback complete.
2024-11-19T21:30:55.911358+00:00 DEBUG 'ansible_navigator.main' Collection doc cache not mounted
2024-11-19T21:30:55.911392+00:00 WARNING 'ansible_navigator.main' Issues were found while applying the settings.
2024-11-19T21:30:55.911419+00:00 INFO 'ansible_navigator.main' Command provided: 'run'
2024-11-19T21:30:55.911448+00:00 ERROR 'ansible_navigator.main' A playbook is required when using the run subcommand
2024-11-19T21:30:55.911475+00:00 INFO 'ansible_navigator.main' Try again with 'run <playbook name>'
2024-11-19T21:30:55.911500+00:00 INFO 'ansible_navigator.main' Configuration failed, using default log file location. (/home/student/autocon2_aap_workshop/ansible-navigator.log) Log level set to debug
2024-11-19T21:30:55.911524+00:00 INFO 'ansible_navigator.main' Review the hints and log file to see what went wrong.
